<?xml version="1.0" encoding="UTF-8"?>
<coverage generated="1653034911001" clover="3.2.0">
  <project timestamp="1653034911002" name="All files">
    <metrics statements="87" coveredstatements="53" conditionals="52" coveredconditionals="27" methods="23" coveredmethods="18" elements="162" coveredelements="98" complexity="0" loc="87" ncloc="87" packages="1" files="1" classes="1"/>
    <file name="Calcu.jsx" path="C:\Users\Alien Ware\Documents\Semestre1_2022\Sistemas y Tecnologias Web\Lab10\src\components\Calculadora\Calcu.jsx">
      <metrics statements="87" coveredstatements="53" conditionals="52" coveredconditionals="27" methods="23" coveredmethods="18"/>
      <line num="6" count="56" type="stmt"/>
      <line num="7" count="56" type="stmt"/>
      <line num="8" count="56" type="stmt"/>
      <line num="11" count="21" type="cond" truecount="2" falsecount="0"/>
      <line num="12" count="6" type="cond" truecount="3" falsecount="2"/>
      <line num="13" count="6" type="stmt"/>
      <line num="14" count="0" type="cond" truecount="0" falsecount="2"/>
      <line num="15" count="0" type="stmt"/>
      <line num="17" count="0" type="stmt"/>
      <line num="19" count="15" type="cond" truecount="5" falsecount="0"/>
      <line num="20" count="10" type="stmt"/>
      <line num="21" count="5" type="cond" truecount="1" falsecount="1"/>
      <line num="22" count="5" type="stmt"/>
      <line num="24" count="0" type="stmt"/>
      <line num="32" count="7" type="cond" truecount="1" falsecount="1"/>
      <line num="33" count="7" type="cond" truecount="1" falsecount="1"/>
      <line num="34" count="0" type="cond" truecount="0" falsecount="2"/>
      <line num="35" count="0" type="stmt"/>
      <line num="36" count="0" type="stmt"/>
      <line num="37" count="0" type="cond" truecount="0" falsecount="2"/>
      <line num="38" count="0" type="stmt"/>
      <line num="39" count="0" type="stmt"/>
      <line num="40" count="0" type="cond" truecount="0" falsecount="2"/>
      <line num="41" count="0" type="stmt"/>
      <line num="42" count="0" type="stmt"/>
      <line num="43" count="0" type="cond" truecount="0" falsecount="2"/>
      <line num="44" count="0" type="stmt"/>
      <line num="45" count="0" type="stmt"/>
      <line num="46" count="0" type="cond" truecount="0" falsecount="2"/>
      <line num="47" count="0" type="stmt"/>
      <line num="48" count="0" type="stmt"/>
      <line num="49" count="0" type="cond" truecount="0" falsecount="2"/>
      <line num="50" count="0" type="stmt"/>
      <line num="51" count="0" type="stmt"/>
      <line num="53" count="7" type="cond" truecount="2" falsecount="0"/>
      <line num="54" count="1" type="stmt"/>
      <line num="55" count="1" type="stmt"/>
      <line num="56" count="6" type="cond" truecount="2" falsecount="0"/>
      <line num="57" count="1" type="stmt"/>
      <line num="58" count="1" type="stmt"/>
      <line num="59" count="5" type="cond" truecount="2" falsecount="0"/>
      <line num="60" count="1" type="stmt"/>
      <line num="61" count="1" type="stmt"/>
      <line num="62" count="4" type="cond" truecount="2" falsecount="0"/>
      <line num="63" count="2" type="stmt"/>
      <line num="64" count="2" type="stmt"/>
      <line num="65" count="2" type="cond" truecount="2" falsecount="0"/>
      <line num="66" count="1" type="stmt"/>
      <line num="67" count="1" type="stmt"/>
      <line num="68" count="1" type="cond" truecount="1" falsecount="1"/>
      <line num="69" count="1" type="stmt"/>
      <line num="70" count="1" type="stmt"/>
      <line num="72" count="0" type="cond" truecount="0" falsecount="2"/>
      <line num="73" count="0" type="cond" truecount="0" falsecount="2"/>
      <line num="74" count="0" type="stmt"/>
      <line num="75" count="0" type="stmt"/>
      <line num="77" count="0" type="stmt"/>
      <line num="78" count="0" type="stmt"/>
      <line num="81" count="7" type="stmt"/>
      <line num="85" count="1" type="stmt"/>
      <line num="86" count="1" type="stmt"/>
      <line num="87" count="1" type="stmt"/>
      <line num="91" count="14" type="cond" truecount="2" falsecount="0"/>
      <line num="92" count="7" type="stmt"/>
      <line num="94" count="7" type="cond" truecount="1" falsecount="1"/>
      <line num="95" count="0" type="stmt"/>
      <line num="97" count="7" type="stmt"/>
      <line num="99" count="7" type="stmt"/>
      <line num="103" count="56" type="stmt"/>
      <line num="107" count="1" type="stmt"/>
      <line num="108" count="1" type="stmt"/>
      <line num="109" count="3" type="stmt"/>
      <line num="110" count="0" type="stmt"/>
      <line num="111" count="0" type="stmt"/>
      <line num="112" count="0" type="stmt"/>
      <line num="113" count="2" type="stmt"/>
      <line num="114" count="0" type="stmt"/>
      <line num="115" count="8" type="stmt"/>
      <line num="116" count="0" type="stmt"/>
      <line num="117" count="2" type="stmt"/>
      <line num="118" count="7" type="stmt"/>
      <line num="119" count="1" type="stmt"/>
      <line num="120" count="2" type="stmt"/>
      <line num="121" count="2" type="stmt"/>
      <line num="122" count="2" type="stmt"/>
      <line num="123" count="1" type="stmt"/>
      <line num="124" count="3" type="stmt"/>
    </file>
  </project>
</coverage>
