{"C:\\Users\\Alien Ware\\Documents\\Semestre1_2022\\Sistemas y Tecnologias Web\\Lab10\\src\\components\\Calculadora\\Calcu.jsx": {"path":"C:\\Users\\Alien Ware\\Documents\\Semestre1_2022\\Sistemas y Tecnologias Web\\Lab10\\src\\components\\Calculadora\\Calcu.jsx","statementMap":{"0":{"start":{"line":6,"column":32},"end":{"line":6,"column":45}},"1":{"start":{"line":7,"column":36},"end":{"line":7,"column":48}},"2":{"start":{"line":8,"column":36},"end":{"line":8,"column":48}},"3":{"start":{"line":11,"column":4},"end":{"line":25,"column":5}},"4":{"start":{"line":12,"column":6},"end":{"line":18,"column":7}},"5":{"start":{"line":13,"column":8},"end":{"line":13,"column":35}},"6":{"start":{"line":14,"column":13},"end":{"line":18,"column":7}},"7":{"start":{"line":15,"column":8},"end":{"line":15,"column":47}},"8":{"start":{"line":17,"column":8},"end":{"line":17,"column":48}},"9":{"start":{"line":19,"column":11},"end":{"line":25,"column":5}},"10":{"start":{"line":20,"column":6},"end":{"line":20,"column":33}},"11":{"start":{"line":21,"column":11},"end":{"line":25,"column":5}},"12":{"start":{"line":22,"column":6},"end":{"line":22,"column":45}},"13":{"start":{"line":24,"column":6},"end":{"line":24,"column":46}},"14":{"start":{"line":32,"column":4},"end":{"line":80,"column":5}},"15":{"start":{"line":33,"column":6},"end":{"line":71,"column":7}},"16":{"start":{"line":34,"column":8},"end":{"line":52,"column":9}},"17":{"start":{"line":35,"column":10},"end":{"line":35,"column":60}},"18":{"start":{"line":36,"column":10},"end":{"line":36,"column":56}},"19":{"start":{"line":37,"column":15},"end":{"line":52,"column":9}},"20":{"start":{"line":38,"column":10},"end":{"line":38,"column":60}},"21":{"start":{"line":39,"column":10},"end":{"line":39,"column":56}},"22":{"start":{"line":40,"column":15},"end":{"line":52,"column":9}},"23":{"start":{"line":41,"column":10},"end":{"line":41,"column":60}},"24":{"start":{"line":42,"column":10},"end":{"line":42,"column":56}},"25":{"start":{"line":43,"column":15},"end":{"line":52,"column":9}},"26":{"start":{"line":44,"column":10},"end":{"line":44,"column":60}},"27":{"start":{"line":45,"column":10},"end":{"line":45,"column":56}},"28":{"start":{"line":46,"column":15},"end":{"line":52,"column":9}},"29":{"start":{"line":47,"column":10},"end":{"line":47,"column":60}},"30":{"start":{"line":48,"column":10},"end":{"line":48,"column":56}},"31":{"start":{"line":49,"column":15},"end":{"line":52,"column":9}},"32":{"start":{"line":50,"column":10},"end":{"line":50,"column":42}},"33":{"start":{"line":51,"column":10},"end":{"line":51,"column":38}},"34":{"start":{"line":53,"column":13},"end":{"line":71,"column":7}},"35":{"start":{"line":54,"column":8},"end":{"line":54,"column":58}},"36":{"start":{"line":55,"column":8},"end":{"line":55,"column":54}},"37":{"start":{"line":56,"column":13},"end":{"line":71,"column":7}},"38":{"start":{"line":57,"column":8},"end":{"line":57,"column":58}},"39":{"start":{"line":58,"column":8},"end":{"line":58,"column":54}},"40":{"start":{"line":59,"column":13},"end":{"line":71,"column":7}},"41":{"start":{"line":60,"column":8},"end":{"line":60,"column":58}},"42":{"start":{"line":61,"column":8},"end":{"line":61,"column":54}},"43":{"start":{"line":62,"column":13},"end":{"line":71,"column":7}},"44":{"start":{"line":63,"column":8},"end":{"line":63,"column":58}},"45":{"start":{"line":64,"column":8},"end":{"line":64,"column":54}},"46":{"start":{"line":65,"column":13},"end":{"line":71,"column":7}},"47":{"start":{"line":66,"column":8},"end":{"line":66,"column":58}},"48":{"start":{"line":67,"column":8},"end":{"line":67,"column":54}},"49":{"start":{"line":68,"column":13},"end":{"line":71,"column":7}},"50":{"start":{"line":69,"column":8},"end":{"line":69,"column":40}},"51":{"start":{"line":70,"column":8},"end":{"line":70,"column":36}},"52":{"start":{"line":72,"column":11},"end":{"line":80,"column":5}},"53":{"start":{"line":73,"column":6},"end":{"line":79,"column":7}},"54":{"start":{"line":74,"column":8},"end":{"line":74,"column":44}},"55":{"start":{"line":75,"column":8},"end":{"line":75,"column":40}},"56":{"start":{"line":77,"column":8},"end":{"line":77,"column":46}},"57":{"start":{"line":78,"column":8},"end":{"line":78,"column":42}},"58":{"start":{"line":81,"column":4},"end":{"line":81,"column":21}},"59":{"start":{"line":85,"column":4},"end":{"line":85,"column":19}},"60":{"start":{"line":86,"column":4},"end":{"line":86,"column":20}},"61":{"start":{"line":87,"column":4},"end":{"line":87,"column":20}},"62":{"start":{"line":91,"column":4},"end":{"line":100,"column":5}},"63":{"start":{"line":92,"column":6},"end":{"line":92,"column":20}},"64":{"start":{"line":94,"column":6},"end":{"line":98,"column":7}},"65":{"start":{"line":95,"column":8},"end":{"line":95,"column":43}},"66":{"start":{"line":97,"column":8},"end":{"line":97,"column":45}},"67":{"start":{"line":99,"column":6},"end":{"line":99,"column":23}},"68":{"start":{"line":103,"column":2},"end":{"line":127,"column":3}},"69":{"start":{"line":107,"column":69},"end":{"line":107,"column":91}},"70":{"start":{"line":108,"column":70},"end":{"line":108,"column":90}},"71":{"start":{"line":109,"column":69},"end":{"line":109,"column":89}},"72":{"start":{"line":110,"column":70},"end":{"line":110,"column":88}},"73":{"start":{"line":111,"column":69},"end":{"line":111,"column":87}},"74":{"start":{"line":112,"column":70},"end":{"line":112,"column":88}},"75":{"start":{"line":113,"column":64},"end":{"line":113,"column":84}},"76":{"start":{"line":114,"column":71},"end":{"line":114,"column":89}},"77":{"start":{"line":115,"column":70},"end":{"line":115,"column":88}},"78":{"start":{"line":116,"column":69},"end":{"line":116,"column":87}},"79":{"start":{"line":117,"column":66},"end":{"line":117,"column":86}},"80":{"start":{"line":118,"column":68},"end":{"line":118,"column":86}},"81":{"start":{"line":119,"column":68},"end":{"line":119,"column":86}},"82":{"start":{"line":120,"column":69},"end":{"line":120,"column":87}},"83":{"start":{"line":121,"column":64},"end":{"line":121,"column":84}},"84":{"start":{"line":122,"column":69},"end":{"line":122,"column":87}},"85":{"start":{"line":123,"column":70},"end":{"line":123,"column":88}},"86":{"start":{"line":124,"column":70},"end":{"line":124,"column":89}}},"fnMap":{"0":{"name":"Calcu","decl":{"start":{"line":5,"column":24},"end":{"line":5,"column":29}},"loc":{"start":{"line":5,"column":32},"end":{"line":128,"column":1}},"line":5},"1":{"name":"handleDisplay","decl":{"start":{"line":10,"column":11},"end":{"line":10,"column":24}},"loc":{"start":{"line":10,"column":30},"end":{"line":26,"column":3}},"line":10},"2":{"name":"Resultado","decl":{"start":{"line":31,"column":11},"end":{"line":31,"column":20}},"loc":{"start":{"line":31,"column":26},"end":{"line":82,"column":3}},"line":31},"3":{"name":"handleClear","decl":{"start":{"line":84,"column":11},"end":{"line":84,"column":22}},"loc":{"start":{"line":84,"column":25},"end":{"line":88,"column":3}},"line":84},"4":{"name":"handleOperacion","decl":{"start":{"line":90,"column":11},"end":{"line":90,"column":26}},"loc":{"start":{"line":90,"column":32},"end":{"line":101,"column":3}},"line":90},"5":{"name":"(anonymous_5)","decl":{"start":{"line":107,"column":63},"end":{"line":107,"column":64}},"loc":{"start":{"line":107,"column":69},"end":{"line":107,"column":91}},"line":107},"6":{"name":"(anonymous_6)","decl":{"start":{"line":108,"column":64},"end":{"line":108,"column":65}},"loc":{"start":{"line":108,"column":70},"end":{"line":108,"column":90}},"line":108},"7":{"name":"(anonymous_7)","decl":{"start":{"line":109,"column":63},"end":{"line":109,"column":64}},"loc":{"start":{"line":109,"column":69},"end":{"line":109,"column":89}},"line":109},"8":{"name":"(anonymous_8)","decl":{"start":{"line":110,"column":64},"end":{"line":110,"column":65}},"loc":{"start":{"line":110,"column":70},"end":{"line":110,"column":88}},"line":110},"9":{"name":"(anonymous_9)","decl":{"start":{"line":111,"column":63},"end":{"line":111,"column":64}},"loc":{"start":{"line":111,"column":69},"end":{"line":111,"column":87}},"line":111},"10":{"name":"(anonymous_10)","decl":{"start":{"line":112,"column":64},"end":{"line":112,"column":65}},"loc":{"start":{"line":112,"column":70},"end":{"line":112,"column":88}},"line":112},"11":{"name":"(anonymous_11)","decl":{"start":{"line":113,"column":58},"end":{"line":113,"column":59}},"loc":{"start":{"line":113,"column":64},"end":{"line":113,"column":84}},"line":113},"12":{"name":"(anonymous_12)","decl":{"start":{"line":114,"column":65},"end":{"line":114,"column":66}},"loc":{"start":{"line":114,"column":71},"end":{"line":114,"column":89}},"line":114},"13":{"name":"(anonymous_13)","decl":{"start":{"line":115,"column":64},"end":{"line":115,"column":65}},"loc":{"start":{"line":115,"column":70},"end":{"line":115,"column":88}},"line":115},"14":{"name":"(anonymous_14)","decl":{"start":{"line":116,"column":63},"end":{"line":116,"column":64}},"loc":{"start":{"line":116,"column":69},"end":{"line":116,"column":87}},"line":116},"15":{"name":"(anonymous_15)","decl":{"start":{"line":117,"column":60},"end":{"line":117,"column":61}},"loc":{"start":{"line":117,"column":66},"end":{"line":117,"column":86}},"line":117},"16":{"name":"(anonymous_16)","decl":{"start":{"line":118,"column":62},"end":{"line":118,"column":63}},"loc":{"start":{"line":118,"column":68},"end":{"line":118,"column":86}},"line":118},"17":{"name":"(anonymous_17)","decl":{"start":{"line":119,"column":62},"end":{"line":119,"column":63}},"loc":{"start":{"line":119,"column":68},"end":{"line":119,"column":86}},"line":119},"18":{"name":"(anonymous_18)","decl":{"start":{"line":120,"column":63},"end":{"line":120,"column":64}},"loc":{"start":{"line":120,"column":69},"end":{"line":120,"column":87}},"line":120},"19":{"name":"(anonymous_19)","decl":{"start":{"line":121,"column":58},"end":{"line":121,"column":59}},"loc":{"start":{"line":121,"column":64},"end":{"line":121,"column":84}},"line":121},"20":{"name":"(anonymous_20)","decl":{"start":{"line":122,"column":63},"end":{"line":122,"column":64}},"loc":{"start":{"line":122,"column":69},"end":{"line":122,"column":87}},"line":122},"21":{"name":"(anonymous_21)","decl":{"start":{"line":123,"column":64},"end":{"line":123,"column":65}},"loc":{"start":{"line":123,"column":70},"end":{"line":123,"column":88}},"line":123},"22":{"name":"(anonymous_22)","decl":{"start":{"line":124,"column":64},"end":{"line":124,"column":65}},"loc":{"start":{"line":124,"column":70},"end":{"line":124,"column":89}},"line":124}},"branchMap":{"0":{"loc":{"start":{"line":11,"column":4},"end":{"line":25,"column":5}},"type":"if","locations":[{"start":{"line":11,"column":4},"end":{"line":25,"column":5}},{"start":{"line":19,"column":11},"end":{"line":25,"column":5}}],"line":11},"1":{"loc":{"start":{"line":12,"column":6},"end":{"line":18,"column":7}},"type":"if","locations":[{"start":{"line":12,"column":6},"end":{"line":18,"column":7}},{"start":{"line":14,"column":13},"end":{"line":18,"column":7}}],"line":12},"2":{"loc":{"start":{"line":12,"column":10},"end":{"line":12,"column":84}},"type":"binary-expr","locations":[{"start":{"line":12,"column":11},"end":{"line":12,"column":26}},{"start":{"line":12,"column":30},"end":{"line":12,"column":41}},{"start":{"line":12,"column":46},"end":{"line":12,"column":84}}],"line":12},"3":{"loc":{"start":{"line":14,"column":13},"end":{"line":18,"column":7}},"type":"if","locations":[{"start":{"line":14,"column":13},"end":{"line":18,"column":7}},{"start":{"line":16,"column":13},"end":{"line":18,"column":7}}],"line":14},"4":{"loc":{"start":{"line":19,"column":11},"end":{"line":25,"column":5}},"type":"if","locations":[{"start":{"line":19,"column":11},"end":{"line":25,"column":5}},{"start":{"line":21,"column":11},"end":{"line":25,"column":5}}],"line":19},"5":{"loc":{"start":{"line":19,"column":15},"end":{"line":19,"column":87}},"type":"binary-expr","locations":[{"start":{"line":19,"column":16},"end":{"line":19,"column":31}},{"start":{"line":19,"column":35},"end":{"line":19,"column":46}},{"start":{"line":19,"column":51},"end":{"line":19,"column":87}}],"line":19},"6":{"loc":{"start":{"line":21,"column":11},"end":{"line":25,"column":5}},"type":"if","locations":[{"start":{"line":21,"column":11},"end":{"line":25,"column":5}},{"start":{"line":23,"column":11},"end":{"line":25,"column":5}}],"line":21},"7":{"loc":{"start":{"line":32,"column":4},"end":{"line":80,"column":5}},"type":"if","locations":[{"start":{"line":32,"column":4},"end":{"line":80,"column":5}},{"start":{"line":72,"column":11},"end":{"line":80,"column":5}}],"line":32},"8":{"loc":{"start":{"line":33,"column":6},"end":{"line":71,"column":7}},"type":"if","locations":[{"start":{"line":33,"column":6},"end":{"line":71,"column":7}},{"start":{"line":53,"column":13},"end":{"line":71,"column":7}}],"line":33},"9":{"loc":{"start":{"line":34,"column":8},"end":{"line":52,"column":9}},"type":"if","locations":[{"start":{"line":34,"column":8},"end":{"line":52,"column":9}},{"start":{"line":37,"column":15},"end":{"line":52,"column":9}}],"line":34},"10":{"loc":{"start":{"line":37,"column":15},"end":{"line":52,"column":9}},"type":"if","locations":[{"start":{"line":37,"column":15},"end":{"line":52,"column":9}},{"start":{"line":40,"column":15},"end":{"line":52,"column":9}}],"line":37},"11":{"loc":{"start":{"line":40,"column":15},"end":{"line":52,"column":9}},"type":"if","locations":[{"start":{"line":40,"column":15},"end":{"line":52,"column":9}},{"start":{"line":43,"column":15},"end":{"line":52,"column":9}}],"line":40},"12":{"loc":{"start":{"line":43,"column":15},"end":{"line":52,"column":9}},"type":"if","locations":[{"start":{"line":43,"column":15},"end":{"line":52,"column":9}},{"start":{"line":46,"column":15},"end":{"line":52,"column":9}}],"line":43},"13":{"loc":{"start":{"line":46,"column":15},"end":{"line":52,"column":9}},"type":"if","locations":[{"start":{"line":46,"column":15},"end":{"line":52,"column":9}},{"start":{"line":49,"column":15},"end":{"line":52,"column":9}}],"line":46},"14":{"loc":{"start":{"line":49,"column":15},"end":{"line":52,"column":9}},"type":"if","locations":[{"start":{"line":49,"column":15},"end":{"line":52,"column":9}},{"start":{},"end":{}}],"line":49},"15":{"loc":{"start":{"line":53,"column":13},"end":{"line":71,"column":7}},"type":"if","locations":[{"start":{"line":53,"column":13},"end":{"line":71,"column":7}},{"start":{"line":56,"column":13},"end":{"line":71,"column":7}}],"line":53},"16":{"loc":{"start":{"line":56,"column":13},"end":{"line":71,"column":7}},"type":"if","locations":[{"start":{"line":56,"column":13},"end":{"line":71,"column":7}},{"start":{"line":59,"column":13},"end":{"line":71,"column":7}}],"line":56},"17":{"loc":{"start":{"line":59,"column":13},"end":{"line":71,"column":7}},"type":"if","locations":[{"start":{"line":59,"column":13},"end":{"line":71,"column":7}},{"start":{"line":62,"column":13},"end":{"line":71,"column":7}}],"line":59},"18":{"loc":{"start":{"line":62,"column":13},"end":{"line":71,"column":7}},"type":"if","locations":[{"start":{"line":62,"column":13},"end":{"line":71,"column":7}},{"start":{"line":65,"column":13},"end":{"line":71,"column":7}}],"line":62},"19":{"loc":{"start":{"line":65,"column":13},"end":{"line":71,"column":7}},"type":"if","locations":[{"start":{"line":65,"column":13},"end":{"line":71,"column":7}},{"start":{"line":68,"column":13},"end":{"line":71,"column":7}}],"line":65},"20":{"loc":{"start":{"line":68,"column":13},"end":{"line":71,"column":7}},"type":"if","locations":[{"start":{"line":68,"column":13},"end":{"line":71,"column":7}},{"start":{},"end":{}}],"line":68},"21":{"loc":{"start":{"line":72,"column":11},"end":{"line":80,"column":5}},"type":"if","locations":[{"start":{"line":72,"column":11},"end":{"line":80,"column":5}},{"start":{},"end":{}}],"line":72},"22":{"loc":{"start":{"line":73,"column":6},"end":{"line":79,"column":7}},"type":"if","locations":[{"start":{"line":73,"column":6},"end":{"line":79,"column":7}},{"start":{"line":76,"column":13},"end":{"line":79,"column":7}}],"line":73},"23":{"loc":{"start":{"line":91,"column":4},"end":{"line":100,"column":5}},"type":"if","locations":[{"start":{"line":91,"column":4},"end":{"line":100,"column":5}},{"start":{"line":93,"column":11},"end":{"line":100,"column":5}}],"line":91},"24":{"loc":{"start":{"line":94,"column":6},"end":{"line":98,"column":7}},"type":"if","locations":[{"start":{"line":94,"column":6},"end":{"line":98,"column":7}},{"start":{"line":96,"column":13},"end":{"line":98,"column":7}}],"line":94}},"s":{"0":56,"1":56,"2":56,"3":21,"4":6,"5":6,"6":0,"7":0,"8":0,"9":15,"10":10,"11":5,"12":5,"13":0,"14":7,"15":7,"16":0,"17":0,"18":0,"19":0,"20":0,"21":0,"22":0,"23":0,"24":0,"25":0,"26":0,"27":0,"28":0,"29":0,"30":0,"31":0,"32":0,"33":0,"34":7,"35":1,"36":1,"37":6,"38":1,"39":1,"40":5,"41":1,"42":1,"43":4,"44":2,"45":2,"46":2,"47":1,"48":1,"49":1,"50":1,"51":1,"52":0,"53":0,"54":0,"55":0,"56":0,"57":0,"58":7,"59":1,"60":1,"61":1,"62":14,"63":7,"64":7,"65":0,"66":7,"67":7,"68":56,"69":1,"70":1,"71":3,"72":0,"73":0,"74":0,"75":2,"76":0,"77":8,"78":0,"79":2,"80":7,"81":1,"82":2,"83":2,"84":2,"85":1,"86":3},"f":{"0":56,"1":21,"2":7,"3":1,"4":14,"5":1,"6":1,"7":3,"8":0,"9":0,"10":0,"11":2,"12":0,"13":8,"14":0,"15":2,"16":7,"17":1,"18":2,"19":2,"20":2,"21":1,"22":3},"b":{"0":[6,15],"1":[6,0],"2":[6,0,6],"3":[0,0],"4":[10,5],"5":[15,11,5],"6":[5,0],"7":[7,0],"8":[0,7],"9":[0,0],"10":[0,0],"11":[0,0],"12":[0,0],"13":[0,0],"14":[0,0],"15":[1,6],"16":[1,5],"17":[1,4],"18":[2,2],"19":[1,1],"20":[1,0],"21":[0,0],"22":[0,0],"23":[7,7],"24":[0,7]},"_coverageSchema":"1a1c01bbd47fc00a2c39e90264f33305004495a9","hash":"26422a3acfe2693c8187a68307949406b916f8a3"}
}
