TN:
SF:src\components\Calculadora\Calcu.jsx
FN:5,Calcu
FN:10,handleDisplay
FN:31,Resultado
FN:84,handleClear
FN:90,handleOperacion
FN:107,(anonymous_5)
FN:108,(anonymous_6)
FN:109,(anonymous_7)
FN:110,(anonymous_8)
FN:111,(anonymous_9)
FN:112,(anonymous_10)
FN:113,(anonymous_11)
FN:114,(anonymous_12)
FN:115,(anonymous_13)
FN:116,(anonymous_14)
FN:117,(anonymous_15)
FN:118,(anonymous_16)
FN:119,(anonymous_17)
FN:120,(anonymous_18)
FN:121,(anonymous_19)
FN:122,(anonymous_20)
FN:123,(anonymous_21)
FN:124,(anonymous_22)
FNF:23
FNH:18
FNDA:56,Calcu
FNDA:21,handleDisplay
FNDA:7,Resultado
FNDA:1,handleClear
FNDA:14,handleOperacion
FNDA:1,(anonymous_5)
FNDA:1,(anonymous_6)
FNDA:3,(anonymous_7)
FNDA:0,(anonymous_8)
FNDA:0,(anonymous_9)
FNDA:0,(anonymous_10)
FNDA:2,(anonymous_11)
FNDA:0,(anonymous_12)
FNDA:8,(anonymous_13)
FNDA:0,(anonymous_14)
FNDA:2,(anonymous_15)
FNDA:7,(anonymous_16)
FNDA:1,(anonymous_17)
FNDA:2,(anonymous_18)
FNDA:2,(anonymous_19)
FNDA:2,(anonymous_20)
FNDA:1,(anonymous_21)
FNDA:3,(anonymous_22)
DA:6,56
DA:7,56
DA:8,56
DA:11,21
DA:12,6
DA:13,6
DA:14,0
DA:15,0
DA:17,0
DA:19,15
DA:20,10
DA:21,5
DA:22,5
DA:24,0
DA:32,7
DA:33,7
DA:34,0
DA:35,0
DA:36,0
DA:37,0
DA:38,0
DA:39,0
DA:40,0
DA:41,0
DA:42,0
DA:43,0
DA:44,0
DA:45,0
DA:46,0
DA:47,0
DA:48,0
DA:49,0
DA:50,0
DA:51,0
DA:53,7
DA:54,1
DA:55,1
DA:56,6
DA:57,1
DA:58,1
DA:59,5
DA:60,1
DA:61,1
DA:62,4
DA:63,2
DA:64,2
DA:65,2
DA:66,1
DA:67,1
DA:68,1
DA:69,1
DA:70,1
DA:72,0
DA:73,0
DA:74,0
DA:75,0
DA:77,0
DA:78,0
DA:81,7
DA:85,1
DA:86,1
DA:87,1
DA:91,14
DA:92,7
DA:94,7
DA:95,0
DA:97,7
DA:99,7
DA:103,56
DA:107,1
DA:108,1
DA:109,3
DA:110,0
DA:111,0
DA:112,0
DA:113,2
DA:114,0
DA:115,8
DA:116,0
DA:117,2
DA:118,7
DA:119,1
DA:120,2
DA:121,2
DA:122,2
DA:123,1
DA:124,3
LF:87
LH:53
BRDA:11,0,0,6
BRDA:11,0,1,15
BRDA:12,1,0,6
BRDA:12,1,1,0
BRDA:12,2,0,6
BRDA:12,2,1,0
BRDA:12,2,2,6
BRDA:14,3,0,0
BRDA:14,3,1,0
BRDA:19,4,0,10
BRDA:19,4,1,5
BRDA:19,5,0,15
BRDA:19,5,1,11
BRDA:19,5,2,5
BRDA:21,6,0,5
BRDA:21,6,1,0
BRDA:32,7,0,7
BRDA:32,7,1,0
BRDA:33,8,0,0
BRDA:33,8,1,7
BRDA:34,9,0,0
BRDA:34,9,1,0
BRDA:37,10,0,0
BRDA:37,10,1,0
BRDA:40,11,0,0
BRDA:40,11,1,0
BRDA:43,12,0,0
BRDA:43,12,1,0
BRDA:46,13,0,0
BRDA:46,13,1,0
BRDA:49,14,0,0
BRDA:49,14,1,0
BRDA:53,15,0,1
BRDA:53,15,1,6
BRDA:56,16,0,1
BRDA:56,16,1,5
BRDA:59,17,0,1
BRDA:59,17,1,4
BRDA:62,18,0,2
BRDA:62,18,1,2
BRDA:65,19,0,1
BRDA:65,19,1,1
BRDA:68,20,0,1
BRDA:68,20,1,0
BRDA:72,21,0,0
BRDA:72,21,1,0
BRDA:73,22,0,0
BRDA:73,22,1,0
BRDA:91,23,0,7
BRDA:91,23,1,7
BRDA:94,24,0,0
BRDA:94,24,1,7
BRF:52
BRH:27
end_of_record
