TN:
SF:src\components\Calculadora\Calcu.jsx
FN:5,Calcu
FN:10,handleDisplay
FN:31,Resultado
FN:84,handleClear
FN:90,handleOperacion
FN:107,(anonymous_5)
FN:108,(anonymous_6)
FN:109,(anonymous_7)
FN:110,(anonymous_8)
FN:111,(anonymous_9)
FN:112,(anonymous_10)
FN:113,(anonymous_11)
FN:114,(anonymous_12)
FN:115,(anonymous_13)
FN:116,(anonymous_14)
FN:117,(anonymous_15)
FN:118,(anonymous_16)
FN:119,(anonymous_17)
FN:120,(anonymous_18)
FN:121,(anonymous_19)
FN:122,(anonymous_20)
FN:123,(anonymous_21)
FN:124,(anonymous_22)
FNF:23
FNH:1
FNDA:1,Calcu
FNDA:0,handleDisplay
FNDA:0,Resultado
FNDA:0,handleClear
FNDA:0,handleOperacion
FNDA:0,(anonymous_5)
FNDA:0,(anonymous_6)
FNDA:0,(anonymous_7)
FNDA:0,(anonymous_8)
FNDA:0,(anonymous_9)
FNDA:0,(anonymous_10)
FNDA:0,(anonymous_11)
FNDA:0,(anonymous_12)
FNDA:0,(anonymous_13)
FNDA:0,(anonymous_14)
FNDA:0,(anonymous_15)
FNDA:0,(anonymous_16)
FNDA:0,(anonymous_17)
FNDA:0,(anonymous_18)
FNDA:0,(anonymous_19)
FNDA:0,(anonymous_20)
FNDA:0,(anonymous_21)
FNDA:0,(anonymous_22)
DA:6,1
DA:7,1
DA:8,1
DA:11,0
DA:12,0
DA:13,0
DA:14,0
DA:15,0
DA:17,0
DA:19,0
DA:20,0
DA:21,0
DA:22,0
DA:24,0
DA:32,0
DA:33,0
DA:34,0
DA:35,0
DA:36,0
DA:37,0
DA:38,0
DA:39,0
DA:40,0
DA:41,0
DA:42,0
DA:43,0
DA:44,0
DA:45,0
DA:46,0
DA:47,0
DA:48,0
DA:49,0
DA:50,0
DA:51,0
DA:53,0
DA:54,0
DA:55,0
DA:56,0
DA:57,0
DA:58,0
DA:59,0
DA:60,0
DA:61,0
DA:62,0
DA:63,0
DA:64,0
DA:65,0
DA:66,0
DA:67,0
DA:68,0
DA:69,0
DA:70,0
DA:72,0
DA:73,0
DA:74,0
DA:75,0
DA:77,0
DA:78,0
DA:81,0
DA:85,0
DA:86,0
DA:87,0
DA:91,0
DA:92,0
DA:94,0
DA:95,0
DA:97,0
DA:99,0
DA:103,1
DA:107,0
DA:108,0
DA:109,0
DA:110,0
DA:111,0
DA:112,0
DA:113,0
DA:114,0
DA:115,0
DA:116,0
DA:117,0
DA:118,0
DA:119,0
DA:120,0
DA:121,0
DA:122,0
DA:123,0
DA:124,0
LF:87
LH:4
BRDA:11,0,0,0
BRDA:11,0,1,0
BRDA:12,1,0,0
BRDA:12,1,1,0
BRDA:12,2,0,0
BRDA:12,2,1,0
BRDA:12,2,2,0
BRDA:14,3,0,0
BRDA:14,3,1,0
BRDA:19,4,0,0
BRDA:19,4,1,0
BRDA:19,5,0,0
BRDA:19,5,1,0
BRDA:19,5,2,0
BRDA:21,6,0,0
BRDA:21,6,1,0
BRDA:32,7,0,0
BRDA:32,7,1,0
BRDA:33,8,0,0
BRDA:33,8,1,0
BRDA:34,9,0,0
BRDA:34,9,1,0
BRDA:37,10,0,0
BRDA:37,10,1,0
BRDA:40,11,0,0
BRDA:40,11,1,0
BRDA:43,12,0,0
BRDA:43,12,1,0
BRDA:46,13,0,0
BRDA:46,13,1,0
BRDA:49,14,0,0
BRDA:49,14,1,0
BRDA:53,15,0,0
BRDA:53,15,1,0
BRDA:56,16,0,0
BRDA:56,16,1,0
BRDA:59,17,0,0
BRDA:59,17,1,0
BRDA:62,18,0,0
BRDA:62,18,1,0
BRDA:65,19,0,0
BRDA:65,19,1,0
BRDA:68,20,0,0
BRDA:68,20,1,0
BRDA:72,21,0,0
BRDA:72,21,1,0
BRDA:73,22,0,0
BRDA:73,22,1,0
BRDA:91,23,0,0
BRDA:91,23,1,0
BRDA:94,24,0,0
BRDA:94,24,1,0
BRF:52
BRH:0
end_of_record
